Removed Member From Class: ClassName=MCU_Sensors Member=U?
Added Component: Designator=IC1(MAXIM MSOP-8 uMAX)
Add component (AddParameter): Name = "Accuracy - Highest (Lowest)"; Value = "±0.5°C (±2°C)"; VariantName = "[No Variations]"
Add component (AddParameter): Name = "ComponentLink1Description"; Value = "Datasheet"; VariantName = "[No Variations]"
Add component (AddParameter): Name = "ComponentLink1URL"; Value = "https://datasheets.maximintegrated.com/en/ds/MAX31826.pdf"; VariantName = "[No Variations]"
Add component (AddParameter): Name = "ComponentLink2Description"; Value = "DigiKey Link"; VariantName = "[No Variations]"
Add component (AddParameter): Name = "ComponentLink2URL"; Value = "http://digikey.com/product-detail/en/maxim-integrated/MAX31826MUA-T/MAX31826MUA-TCT-ND/8021036"; VariantName = "[No Variations]"
Add component (AddParameter): Name = "Device Package"; Value = "8-TSSOP, 8-MSOP (0.118", 3.00mm Width)"; VariantName = "[No Variations]"
Add component (AddParameter): Name = "LastUpdated"; Value = "25/05/2020 5:41:30 pm"; VariantName = "[No Variations]"
Add component (AddParameter): Name = "Lifecycle Status"; Value = "Active"; VariantName = "[No Variations]"
Add component (AddParameter): Name = "Manufacturer"; Value = "Maxim Integrated"; VariantName = "[No Variations]"
Add component (AddParameter): Name = "Minimum Order"; Value = "1"; VariantName = "[No Variations]"
Add component (AddParameter): Name = "Mounting Type"; Value = "Surface Mount"; VariantName = "[No Variations]"
Add component (AddParameter): Name = "Operating Temperature"; Value = "-55°C ~ 125°C"; VariantName = "[No Variations]"
Add component (AddParameter): Name = "Output Type"; Value = "1-Wire®"; VariantName = "[No Variations]"
Add component (AddParameter): Name = "Package / Case"; Value = "8-TSSOP, 8-MSOP (0.118", 3.00mm Width)"; VariantName = "[No Variations]"
Add component (AddParameter): Name = "Packaging"; Value = "TapeAndReel"; VariantName = "[No Variations]"
Add component (AddParameter): Name = "Part Number"; Value = "MAX31826MUA+T"; VariantName = "[No Variations]"
Add component (AddParameter): Name = "Part Status"; Value = "Active"; VariantName = "[No Variations]"
Add component (AddParameter): Name = "Price"; Value = "2.10"; VariantName = "[No Variations]"
Add component (AddParameter): Name = "Resolution"; Value = "11 b"; VariantName = "[No Variations]"
Add component (AddParameter): Name = "Sensing Temperature - Local"; Value = "-55°C ~ 125°C"; VariantName = "[No Variations]"
Add component (AddParameter): Name = "Sensor Type"; Value = "Digital, Local"; VariantName = "[No Variations]"
Add component (AddParameter): Name = "Series"; Value = "-"; VariantName = "[No Variations]"
Add component (AddParameter): Name = "Supplier 1"; Value = "DigiKey"; VariantName = "[No Variations]"
Add component (AddParameter): Name = "Supplier Device Package"; Value = "8-uMAX"; VariantName = "[No Variations]"
Add component (AddParameter): Name = "Supplier Part Number 1"; Value = "MAX31826MUA+TCT-ND"; VariantName = "[No Variations]"
Add component (AddParameter): Name = "Test Condition"; Value = "10°C ~ 85°C (-55°C ~ 125°C)"; VariantName = "[No Variations]"
Add component (AddParameter): Name = "Voltage - Supply"; Value = "3V ~ 3.7V"; VariantName = "[No Variations]"
Added Component: Designator=IC2(TE HPP845E031R4)
Add component (AddParameter): Name = "Accuracy"; Value = "±2% RH"; VariantName = "[No Variations]"
Add component (AddParameter): Name = "ComponentLink1Description"; Value = "Datasheet"; VariantName = "[No Variations]"
Add component (AddParameter): Name = "ComponentLink1URL"; Value = "https://www.te.com/commerce/DocumentDelivery/DDEController?Action=srchrtrv&DocNm=HPC199_6&DocType=Data+Sheet&DocLang=English"; VariantName = "[No Variations]"
Add component (AddParameter): Name = "ComponentLink2Description"; Value = "DigiKey Link"; VariantName = "[No Variations]"
Add component (AddParameter): Name = "ComponentLink2URL"; Value = "http://digikey.com/product-detail/en/te-connectivity-measurement-specialties/HPP845E031R4/223-1144-1-ND/3945773"; VariantName = "[No Variations]"
Add component (AddParameter): Name = "Device Package"; Value = "6-VDFN Exposed Pad"; VariantName = "[No Variations]"
Add component (AddParameter): Name = "Humidity Range"; Value = "0 ~ 100% RH"; VariantName = "[No Variations]"
Add component (AddParameter): Name = "LastUpdated"; Value = "24/05/2020 10:55:13 pm"; VariantName = "[No Variations]"
Add component (AddParameter): Name = "Lifecycle Status"; Value = "Active"; VariantName = "[No Variations]"
Add component (AddParameter): Name = "Manufacturer"; Value = "TE Connectivity Measurement Specialties"; VariantName = "[No Variations]"
Add component (AddParameter): Name = "Minimum Order"; Value = "1"; VariantName = "[No Variations]"
Add component (AddParameter): Name = "Mounting Type"; Value = "Surface Mount"; VariantName = "[No Variations]"
Add component (AddParameter): Name = "Operating Temperature"; Value = "-40°C ~ 125°C"; VariantName = "[No Variations]"
Add component (AddParameter): Name = "Output"; Value = "12b"; VariantName = "[No Variations]"
Add component (AddParameter): Name = "Output Type"; Value = "I²C"; VariantName = "[No Variations]"
Add component (AddParameter): Name = "Package / Case"; Value = "6-VDFN Exposed Pad"; VariantName = "[No Variations]"
Add component (AddParameter): Name = "Packaging"; Value = "TapeAndReel"; VariantName = "[No Variations]"
Add component (AddParameter): Name = "Part Number"; Value = "HPP845E031R4"; VariantName = "[No Variations]"
Add component (AddParameter): Name = "Part Status"; Value = "Active"; VariantName = "[No Variations]"
Add component (AddParameter): Name = "Price"; Value = "2.87"; VariantName = "[No Variations]"
Add component (AddParameter): Name = "Response Time"; Value = "5s"; VariantName = "[No Variations]"
Add component (AddParameter): Name = "Sensor Type"; Value = "Humidity, Temperature"; VariantName = "[No Variations]"
Add component (AddParameter): Name = "Series"; Value = "HTU"; VariantName = "[No Variations]"
Add component (AddParameter): Name = "Supplier 1"; Value = "DigiKey"; VariantName = "[No Variations]"
Add component (AddParameter): Name = "Supplier Device Package"; Value = "6-DFN (3x3)"; VariantName = "[No Variations]"
Add component (AddParameter): Name = "Supplier Part Number 1"; Value = "223-1144-1-ND"; VariantName = "[No Variations]"
Add component (AddParameter): Name = "Voltage - Supply"; Value = "1.5V ~ 3.6V"; VariantName = "[No Variations]"
Added Component: Designator=IC3(SKYWORKS TDFN-14 3X3MM)
Add component (AddParameter): Name = "ComponentLink1Description"; Value = "Datasheet"; VariantName = "[No Variations]"
Add component (AddParameter): Name = "ComponentLink1URL"; Value = "https://datasheets.maximintegrated.com/en/ds/MAX98306.pdf"; VariantName = "[No Variations]"
Add component (AddParameter): Name = "ComponentLink2Description"; Value = "DigiKey Link"; VariantName = "[No Variations]"
Add component (AddParameter): Name = "ComponentLink2URL"; Value = "//digikey.com/product-detail/en/maxim-integrated/MAX98306ETD-T/MAX98306ETD-TTR-ND/2708795"; VariantName = "[No Variations]"
Add component (AddParameter): Name = "Device Package"; Value = "14-WFDFN Exposed Pad"; VariantName = "[No Variations]"
Add component (AddParameter): Name = "Features"; Value = "Depop, Differential Inputs, Short-Circuit and Thermal Protection, Shutdown"; VariantName = "[No Variations]"
Add component (AddParameter): Name = "LastUpdated"; Value = "3/12/2019 11:05:13 pm"; VariantName = "[No Variations]"
Add component (AddParameter): Name = "Lifecycle Status"; Value = "0"; VariantName = "[No Variations]"
Add component (AddParameter): Name = "Manufacturer"; Value = "Maxim Integrated"; VariantName = "[No Variations]"
Add component (AddParameter): Name = "Max Output Power x Channels @ Load"; Value = "3.7W x 2 @ 3Ohm"; VariantName = "[No Variations]"
Add component (AddParameter): Name = "Minimum Order"; Value = "1"; VariantName = "[No Variations]"
Add component (AddParameter): Name = "Mounting Type"; Value = "Surface Mount"; VariantName = "[No Variations]"
Add component (AddParameter): Name = "Operating Temperature"; Value = "-40°C ~ 85°C (TA)"; VariantName = "[No Variations]"
Add component (AddParameter): Name = "Output Type"; Value = "2-Channel (Stereo)"; VariantName = "[No Variations]"
Add component (AddParameter): Name = "Package / Case"; Value = "14-WFDFN Exposed Pad"; VariantName = "[No Variations]"
Add component (AddParameter): Name = "Packaging"; Value = "TapeAndReel"; VariantName = "[No Variations]"
Add component (AddParameter): Name = "Part Number"; Value = "MAX98306ETD+T"; VariantName = "[No Variations]"
Add component (AddParameter): Name = "Part Status"; Value = "Active"; VariantName = "[No Variations]"
Add component (AddParameter): Name = "PartId"; Value = "2"; VariantName = "[No Variations]"
Add component (AddParameter): Name = "Price"; Value = "0.60"; VariantName = "[No Variations]"
Add component (AddParameter): Name = "Series"; Value = "-"; VariantName = "[No Variations]"
Add component (AddParameter): Name = "Supplier 1"; Value = "DigiKey"; VariantName = "[No Variations]"
Add component (AddParameter): Name = "Supplier Device Package"; Value = "14-TDFN-EP (3x3)"; VariantName = "[No Variations]"
Add component (AddParameter): Name = "Supplier Part Number 1"; Value = "MAX98306ETD+TTR-ND"; VariantName = "[No Variations]"
Add component (AddParameter): Name = "Type"; Value = "Class D"; VariantName = "[No Variations]"
Add component (AddParameter): Name = "Voltage - Supply"; Value = "2.6V ~ 5.5V"; VariantName = "[No Variations]"
Added Component: Designator=J1(HIROSE DM3BT-DSF-PEJS)
Add component (AddParameter): Name = "Card Type"; Value = "Secure Digital - microSD™"; VariantName = "[No Variations]"
Add component (AddParameter): Name = "ComponentLink1Description"; Value = "Datasheet"; VariantName = "[No Variations]"
Add component (AddParameter): Name = "ComponentLink1URL"; Value = "https://www.hirose.com/product/download/?distributor=digikey&type=specSheet&lang=en&num=DM3BT-DSF-PEJS"; VariantName = "[No Variations]"
Add component (AddParameter): Name = "ComponentLink2Description"; Value = "DigiKey Link"; VariantName = "[No Variations]"
Add component (AddParameter): Name = "ComponentLink2URL"; Value = "//digikey.com/product-detail/en/hirose-electric-co-ltd/DM3BT-DSF-PEJS/HR1942TR-ND/1982749"; VariantName = "[No Variations]"
Add component (AddParameter): Name = "Connector Type"; Value = "Connector and Ejector"; VariantName = "[No Variations]"
Add component (AddParameter): Name = "Contact Finish"; Value = "Gold"; VariantName = "[No Variations]"
Add component (AddParameter): Name = "Features"; Value = "Switch"; VariantName = "[No Variations]"
Add component (AddParameter): Name = "Height Above Board"; Value = "0.072" (1.83mm)"; VariantName = "[No Variations]"
Add component (AddParameter): Name = "Insertion, Removal Method"; Value = "Push In, Push Out"; VariantName = "[No Variations]"
Add component (AddParameter): Name = "LastUpdated"; Value = "16/12/2019 8:35:34 pm"; VariantName = "[No Variations]"
Add component (AddParameter): Name = "Lifecycle Status"; Value = "0"; VariantName = "[No Variations]"
Add component (AddParameter): Name = "Manufacturer"; Value = "Hirose Electric Co Ltd"; VariantName = "[No Variations]"
Add component (AddParameter): Name = "Minimum Order"; Value = "1"; VariantName = "[No Variations]"
Add component (AddParameter): Name = "Mounting Feature"; Value = "Reverse - Bottom"; VariantName = "[No Variations]"
Add component (AddParameter): Name = "Mounting Type"; Value = "Surface Mount, Right Angle"; VariantName = "[No Variations]"
Add component (AddParameter): Name = "Number of Positions"; Value = "10 (8 + 2)"; VariantName = "[No Variations]"
Add component (AddParameter): Name = "Packaging"; Value = "TapeAndReel"; VariantName = "[No Variations]"
Add component (AddParameter): Name = "Part Number"; Value = "DM3BT-DSF-PEJS"; VariantName = "[No Variations]"
Add component (AddParameter): Name = "Part Status"; Value = "Active"; VariantName = "[No Variations]"
Add component (AddParameter): Name = "Price"; Value = "1.25"; VariantName = "[No Variations]"
Add component (AddParameter): Name = "Series"; Value = "DM3"; VariantName = "[No Variations]"
Add component (AddParameter): Name = "Supplier 1"; Value = "DigiKey"; VariantName = "[No Variations]"
Add component (AddParameter): Name = "Supplier Part Number 1"; Value = "HR1942TR-ND"; VariantName = "[No Variations]"
Added Component: Designator=J2(MPU6050-BREAKOUT)
Added Component: Designator=J3(MAX98357-BREAKOUT)
Added Component: Designator=J4(SPI-BREAKOUT-PINOUT)
Added Component: Designator=MK1(TDK ICS-40730)
Add component (AddParameter): Name = "ComponentLink1Description"; Value = "Datasheet"; VariantName = "[No Variations]"
Add component (AddParameter): Name = "ComponentLink1URL"; Value = "http://www.invensense.com/wp-content/uploads/2018/12/DS-000139-ICS-40730-v1.0.pdf?ref_disty=digikey"; VariantName = "[No Variations]"
Add component (AddParameter): Name = "ComponentLink2Description"; Value = "DigiKey Link"; VariantName = "[No Variations]"
Add component (AddParameter): Name = "ComponentLink2URL"; Value = "http://digikey.com/product-detail/en/tdk-invensense/ICS-40730/1428-1141-1-ND/8576081"; VariantName = "[No Variations]"
Add component (AddParameter): Name = "Current - Supply"; Value = "285µA"; VariantName = "[No Variations]"
Add component (AddParameter): Name = "Direction"; Value = "Noise Cancelling"; VariantName = "[No Variations]"
Add component (AddParameter): Name = "Frequency Range"; Value = "25Hz ~ 20kHz"; VariantName = "[No Variations]"
Add component (AddParameter): Name = "Height (Max)"; Value = "0.142" (3.60mm)"; VariantName = "[No Variations]"
Add component (AddParameter): Name = "Impedance"; Value = "750 Ohms"; VariantName = "[No Variations]"
Add component (AddParameter): Name = "LastUpdated"; Value = "24/04/2020 12:45:53 am"; VariantName = "[No Variations]"
Add component (AddParameter): Name = "Lifecycle Status"; Value = "Active"; VariantName = "[No Variations]"
Add component (AddParameter): Name = "Manufacturer"; Value = "TDK InvenSense"; VariantName = "[No Variations]"
Add component (AddParameter): Name = "Minimum Order"; Value = "1"; VariantName = "[No Variations]"
Add component (AddParameter): Name = "Output Type"; Value = "Analog"; VariantName = "[No Variations]"
Add component (AddParameter): Name = "Packaging"; Value = "TapeAndReel"; VariantName = "[No Variations]"
Add component (AddParameter): Name = "Part Number"; Value = "ICS-40730"; VariantName = "[No Variations]"
Add component (AddParameter): Name = "Part Status"; Value = "Active"; VariantName = "[No Variations]"
Add component (AddParameter): Name = "Port Location"; Value = "Bottom"; VariantName = "[No Variations]"
Add component (AddParameter): Name = "Price"; Value = "1.76"; VariantName = "[No Variations]"
Add component (AddParameter): Name = "S/N Ratio"; Value = "74dB"; VariantName = "[No Variations]"
Add component (AddParameter): Name = "Sensitivity"; Value = "-32dB ±2dB @ 124dB SPL"; VariantName = "[No Variations]"
Add component (AddParameter): Name = "Series"; Value = "ICS-40730"; VariantName = "[No Variations]"
Add component (AddParameter): Name = "Shape"; Value = "Rectangular"; VariantName = "[No Variations]"
Add component (AddParameter): Name = "Size / Dimension"; Value = "0.186" L x 0.148" W (4.72mm x 3.76mm)"; VariantName = "[No Variations]"
Add component (AddParameter): Name = "Supplier 1"; Value = "DigiKey"; VariantName = "[No Variations]"
Add component (AddParameter): Name = "Supplier Part Number 1"; Value = "1428-1141-1-ND"; VariantName = "[No Variations]"
Add component (AddParameter): Name = "Termination"; Value = "Solder Pads"; VariantName = "[No Variations]"
Add component (AddParameter): Name = "Type"; Value = "MEMS (Silicon)"; VariantName = "[No Variations]"
Add component (AddParameter): Name = "Voltage Range"; Value = "1.5V ~ 3.63V"; VariantName = "[No Variations]"
Added Component: Designator=U1(ESP32-DEVKITC-32UE)
Added Member To Class: ClassName=MCU_Sensors Member=Component IC1 MAX31826MUA+T
Added Member To Class: ClassName=MCU_Sensors Member=Component IC2 HPP845E031R4
Added Member To Class: ClassName=MCU_Sensors Member=Component IC3 MAX98306ETD+T
Added Member To Class: ClassName=MCU_Sensors Member=Component J1 DM3BT-DSF-PEJS
Added Member To Class: ClassName=MCU_Sensors Member=Component J2 MPU6050-PINOUT
Added Member To Class: ClassName=MCU_Sensors Member=Component J3 CON-MAX98357-PINOUT
Added Member To Class: ClassName=MCU_Sensors Member=Component J4 CON-SPI-PINOUT
Add Class Member: Failed to add class member : Component J5 I2C PINOUT
Add Class Member: Failed to add class member : Component J6 DHT11-PINOUT
Added Member To Class: ClassName=MCU_Sensors Member=Component MK1 ICS-40730
Added Member To Class: ClassName=MCU_Sensors Member=Component U1 ESP32-DEVKITC-32UE
Add Class Member: Failed to add class member : Component U2 TFTDISPLAY-2.4INCH
